c:\users\user\desktop\system_programming_2\2_jun\12_lib\calculator\calculator_impl\debug\calculator_impl.pch
c:\users\user\desktop\system_programming_2\2_jun\12_lib\calculator\calculator_impl\debug\calculator_impl.pdb
c:\users\user\desktop\system_programming_2\2_jun\12_lib\calculator\calculator_impl\debug\calculator_impl.idb
c:\users\user\desktop\system_programming_2\2_jun\12_lib\calculator\calculator_impl\debug\calculator_impl.pchast
c:\users\user\desktop\system_programming_2\2_jun\12_lib\calculator\calculator_impl\debug\pch.nativecodeanalysis.sarif
c:\users\user\desktop\system_programming_2\2_jun\12_lib\calculator\calculator_impl\debug\pch.nativecodeanalysis.xml
c:\users\user\desktop\system_programming_2\2_jun\12_lib\calculator\calculator_impl\debug\pch.obj
c:\users\user\desktop\system_programming_2\2_jun\12_lib\calculator\calculator_impl\debug\calculator_impl.nativecodeanalysis.sarif
c:\users\user\desktop\system_programming_2\2_jun\12_lib\calculator\calculator_impl\debug\calculator_impl.nativecodeanalysis.xml
c:\users\user\desktop\system_programming_2\2_jun\12_lib\calculator\calculator_impl\debug\calculator_impl.obj
c:\users\user\desktop\system_programming_2\2_jun\12_lib\calculator\debug\calculator_impl.lib
c:\users\user\desktop\system_programming_2\2_jun\12_lib\calculator\calculator_impl\debug\nativecodeanalysis.read.1.tlog
c:\users\user\desktop\system_programming_2\2_jun\12_lib\calculator\calculator_impl\debug\vc.nativecodeanalysis.all.xml
c:\users\user\desktop\system_programming_2\2_jun\12_lib\calculator\debug\calculator_impl.pdb
c:\users\user\desktop\system_programming_2\2_jun\12_lib\calculator\calculator_impl\debug\calculator_impl.tlog\cl.command.1.tlog
c:\users\user\desktop\system_programming_2\2_jun\12_lib\calculator\calculator_impl\debug\calculator_impl.tlog\cl.read.1.tlog
c:\users\user\desktop\system_programming_2\2_jun\12_lib\calculator\calculator_impl\debug\calculator_impl.tlog\cl.write.1.tlog
c:\users\user\desktop\system_programming_2\2_jun\12_lib\calculator\calculator_impl\debug\calculator_impl.tlog\lib-link.read.1.tlog
c:\users\user\desktop\system_programming_2\2_jun\12_lib\calculator\calculator_impl\debug\calculator_impl.tlog\lib-link.write.1.tlog
c:\users\user\desktop\system_programming_2\2_jun\12_lib\calculator\calculator_impl\debug\calculator_impl.tlog\lib.command.1.tlog
